<?xml version="1.0" encoding="UTF-8"?>
<!-- Generated by org.testng.reporters.JUnitReportReporter -->
<testsuite hostname="OSO-DTP-057" name="Module.ELC.Probation.TC025_ProbationReviewRP" tests="4" failures="0" timestamp="30 Oct 2017 08:15:11 GMT" time="206.884" errors="0">
  <testcase name="Login" time="2.728" classname="Module.ELC.Probation.TC025_ProbationReviewRP"/>
  <testcase name="TargetPage" time="149.327" classname="Module.ELC.Probation.TC025_ProbationReviewRP"/>
  <testcase name="probationReviewByRP" time="39.771" classname="Module.ELC.Probation.TC025_ProbationReviewRP"/>
  <testcase name="SearchFunctionality" time="15.058" classname="Module.ELC.Probation.TC025_ProbationReviewRP"/>
</testsuite> <!-- Module.ELC.Probation.TC025_ProbationReviewRP -->
