<?xml version="1.0" encoding="UTF-8"?>
<!-- Generated by org.testng.reporters.JUnitReportReporter -->
<testsuite hostname="OSO-DTP-057" name="Module.HRSetup.Recruitment.TC041_AllowanceDeductionMasterDataUpload" tests="4" failures="0" timestamp="24 Nov 2017 08:03:22 GMT" time="70.374" errors="0">
  <testcase name="Login" time="1.590" classname="Module.HRSetup.Recruitment.TC041_AllowanceDeductionMasterDataUpload"/>
  <testcase name="Edit_Record" time="7.020" classname="Module.HRSetup.Recruitment.TC041_AllowanceDeductionMasterDataUpload"/>
  <testcase name="TargetPage" time="29.484" classname="Module.HRSetup.Recruitment.TC041_AllowanceDeductionMasterDataUpload"/>
  <testcase name="Add_Allowance_Deduction_Data" time="32.280" classname="Module.HRSetup.Recruitment.TC041_AllowanceDeductionMasterDataUpload"/>
</testsuite> <!-- Module.HRSetup.Recruitment.TC041_AllowanceDeductionMasterDataUpload -->
