<?xml version="1.0" encoding="UTF-8"?>
<!-- Generated by org.testng.reporters.JUnitReportReporter -->
<testsuite hostname="OSO-DTP-057" name="Module.ELC.Probation.TC026_ProbationReviewHR" tests="4" failures="0" timestamp="30 Oct 2017 08:15:11 GMT" time="211.408" errors="0">
  <testcase name="SearchFunctionality" time="12.990" classname="Module.ELC.Probation.TC026_ProbationReviewHR"/>
  <testcase name="TargetPage" time="155.856" classname="Module.ELC.Probation.TC026_ProbationReviewHR"/>
  <testcase name="ProbationReviewByHR" time="39.516" classname="Module.ELC.Probation.TC026_ProbationReviewHR"/>
  <testcase name="Login" time="3.046" classname="Module.ELC.Probation.TC026_ProbationReviewHR"/>
</testsuite> <!-- Module.ELC.Probation.TC026_ProbationReviewHR -->
