<?xml version="1.0" encoding="UTF-8"?>
<!-- Generated by org.testng.reporters.JUnitReportReporter -->
<testsuite hostname="OSO-DTP-057" name="Module.ELC.Exit.TC037_ExitForm" tests="3" failures="0" timestamp="21 Nov 2017 07:34:23 GMT" time="49.161" errors="0">
  <testcase name="TargetPage" time="33.299" classname="Module.ELC.Exit.TC037_ExitForm"/>
  <testcase name="Login" time="1.197" classname="Module.ELC.Exit.TC037_ExitForm"/>
  <testcase name="Exit_Form_Submission" time="14.665" classname="Module.ELC.Exit.TC037_ExitForm"/>
</testsuite> <!-- Module.ELC.Exit.TC037_ExitForm -->
