<?xml version="1.0" encoding="UTF-8"?>
<!-- Generated by org.testng.reporters.JUnitReportReporter -->
<testsuite hostname="OSO-DTP-057" name="Module.ESS.LeaveandAttendance.LeaveApplication.TC003_LeaveVerify" tests="4" failures="0" timestamp="17 Nov 2017 14:38:22 GMT" time="25.081" errors="0">
  <testcase name="Login" time="1.349" classname="Module.ESS.LeaveandAttendance.LeaveApplication.TC003_LeaveVerify"/>
  <testcase name="VerifyLeave" time="0.272" classname="Module.ESS.LeaveandAttendance.LeaveApplication.TC003_LeaveVerify"/>
  <testcase name="TargetPage" time="23.147" classname="Module.ESS.LeaveandAttendance.LeaveApplication.TC003_LeaveVerify"/>
  <testcase name="VerifyLeave" time="0.313" classname="Module.ESS.LeaveandAttendance.LeaveApplication.TC003_LeaveVerify"/>
</testsuite> <!-- Module.ESS.LeaveandAttendance.LeaveApplication.TC003_LeaveVerify -->
