<?xml version="1.0" encoding="UTF-8"?>
<!-- Generated by org.testng.reporters.JUnitReportReporter -->
<testsuite hostname="OSO-DTP-057" name="Module.ESS.LeaveandAttendance.LeaveApplication.TC006_OnBehalfLeaveApproval" tests="4" failures="0" timestamp="17 Nov 2017 15:23:04 GMT" time="89.283" errors="0">
  <testcase name="Login" time="1.210" classname="Module.ESS.LeaveandAttendance.LeaveApplication.TC006_OnBehalfLeaveApproval"/>
  <testcase name="LeaveApproveReject" time="15.759" classname="Module.ESS.LeaveandAttendance.LeaveApplication.TC006_OnBehalfLeaveApproval"/>
  <testcase name="LeaveApproveReject" time="15.293" classname="Module.ESS.LeaveandAttendance.LeaveApplication.TC006_OnBehalfLeaveApproval"/>
  <testcase name="TargetPage" time="57.021" classname="Module.ESS.LeaveandAttendance.LeaveApplication.TC006_OnBehalfLeaveApproval"/>
</testsuite> <!-- Module.ESS.LeaveandAttendance.LeaveApplication.TC006_OnBehalfLeaveApproval -->
