<?xml version="1.0" encoding="UTF-8"?>
<!-- Generated by org.testng.reporters.JUnitReportReporter -->
<testsuite hostname="OSO-DTP-057" name="Module.ELC.Induction.TC023_InductionFeedBack" tests="2" failures="0" timestamp="21 Nov 2017 13:16:06 GMT" time="25.074" errors="0">
  <testcase name="Login" time="1.252" classname="Module.ELC.Induction.TC023_InductionFeedBack"/>
  <testcase name="TargetPage" time="23.822" classname="Module.ELC.Induction.TC023_InductionFeedBack"/>
</testsuite> <!-- Module.ELC.Induction.TC023_InductionFeedBack -->
