<?xml version="1.0" encoding="UTF-8"?>
<!-- Generated by org.testng.reporters.JUnitReportReporter -->
<testsuite hostname="OSO-DTP-057" name="Module.HRSetup.General.TC032_PeriodMasterUpdateData" tests="4" failures="0" timestamp="3 Nov 2017 09:54:33 GMT" time="93.433" errors="0">
  <testcase name="Edit_Record" time="10.762" classname="Module.HRSetup.General.TC032_PeriodMasterUpdateData"/>
  <testcase name="TargetPage" time="74.912" classname="Module.HRSetup.General.TC032_PeriodMasterUpdateData"/>
  <testcase name="Search_Functionality" time="6.541" classname="Module.HRSetup.General.TC032_PeriodMasterUpdateData"/>
  <testcase name="Login" time="1.218" classname="Module.HRSetup.General.TC032_PeriodMasterUpdateData"/>
</testsuite> <!-- Module.HRSetup.General.TC032_PeriodMasterUpdateData -->
