<?xml version="1.0" encoding="UTF-8"?>
<!-- Generated by org.testng.reporters.JUnitReportReporter -->
<testsuite hostname="OSO-DTP-057" name="Module.ELC.Exit.TC034_ResignationApprovarRP" tests="4" failures="0" timestamp="21 Nov 2017 06:00:42 GMT" time="75.417" errors="0">
  <testcase name="Login" time="1.357" classname="Module.ELC.Exit.TC034_ResignationApprovarRP"/>
  <testcase name="Resignation_Approvar_RP" time="16.782" classname="Module.ELC.Exit.TC034_ResignationApprovarRP"/>
  <testcase name="TargetPage" time="49.388" classname="Module.ELC.Exit.TC034_ResignationApprovarRP"/>
  <testcase name="Search_Functionality" time="7.890" classname="Module.ELC.Exit.TC034_ResignationApprovarRP"/>
</testsuite> <!-- Module.ELC.Exit.TC034_ResignationApprovarRP -->
