<?xml version="1.0" encoding="UTF-8"?>
<!-- Generated by org.testng.reporters.JUnitReportReporter -->
<testsuite hostname="OSO-DTP-057" name="Module.HRSetup.PMSandTraining.TC046_GoalMasterDataUpload" tests="5" failures="0" timestamp="28 Nov 2017 05:43:31 GMT" time="59.607" errors="0">
  <testcase name="Add_New_Button" time="2.796" classname="Module.HRSetup.PMSandTraining.TC046_GoalMasterDataUpload"/>
  <testcase name="Edit_Record" time="6.303" classname="Module.HRSetup.PMSandTraining.TC046_GoalMasterDataUpload"/>
  <testcase name="Login" time="1.496" classname="Module.HRSetup.PMSandTraining.TC046_GoalMasterDataUpload"/>
  <testcase name="Add_Goal_Master_Data" time="18.702" classname="Module.HRSetup.PMSandTraining.TC046_GoalMasterDataUpload"/>
  <testcase name="TargetPage" time="30.310" classname="Module.HRSetup.PMSandTraining.TC046_GoalMasterDataUpload"/>
</testsuite> <!-- Module.HRSetup.PMSandTraining.TC046_GoalMasterDataUpload -->
