<?xml version="1.0" encoding="UTF-8"?>
<!-- Generated by org.testng.reporters.JUnitReportReporter -->
<testsuite hostname="OSO-DTP-057" name="Module.ESS.LeaveandAttendance.LeaveApplication.TC017_SchedulerConfiguration" tests="3" failures="0" timestamp="20 Nov 2017 07:58:28 GMT" time="91.750" errors="0">
  <testcase name="ConfigurationScheduler" time="10.126" classname="Module.ESS.LeaveandAttendance.LeaveApplication.TC017_SchedulerConfiguration"/>
  <testcase name="TargetPage" time="80.202" classname="Module.ESS.LeaveandAttendance.LeaveApplication.TC017_SchedulerConfiguration"/>
  <testcase name="Login" time="1.422" classname="Module.ESS.LeaveandAttendance.LeaveApplication.TC017_SchedulerConfiguration"/>
</testsuite> <!-- Module.ESS.LeaveandAttendance.LeaveApplication.TC017_SchedulerConfiguration -->
