<?xml version="1.0" encoding="UTF-8"?>
<!-- Generated by org.testng.reporters.JUnitReportReporter -->
<testsuite hostname="OSO-DTP-057" name="Module.ESS.LeaveandAttendance.LeaveApplication.TC010_AttendanceRegularization" tests="4" failures="0" timestamp="20 Nov 2017 07:29:00 GMT" time="110.062" errors="0">
  <testcase name="SearchRecord" time="22.432" classname="Module.ESS.LeaveandAttendance.LeaveApplication.TC010_AttendanceRegularization"/>
  <testcase name="Login" time="1.696" classname="Module.ESS.LeaveandAttendance.LeaveApplication.TC010_AttendanceRegularization"/>
  <testcase name="TargetPage" time="68.761" classname="Module.ESS.LeaveandAttendance.LeaveApplication.TC010_AttendanceRegularization"/>
  <testcase name="AttendanceRegularization" time="17.173" classname="Module.ESS.LeaveandAttendance.LeaveApplication.TC010_AttendanceRegularization"/>
</testsuite> <!-- Module.ESS.LeaveandAttendance.LeaveApplication.TC010_AttendanceRegularization -->
