<?xml version="1.0" encoding="UTF-8"?>
<!-- Generated by org.testng.reporters.JUnitReportReporter -->
<testsuite hostname="OSO-DTP-057" name="test.homepage.TC002_VerifyRegistration" tests="7" failures="0" timestamp="8 Aug 2017 09:28:23 GMT" time="56.581" errors="0">
  <testcase name="verifyRegistration" time="7.822" classname="test.homepage.TC002_VerifyRegistration"/>
  <testcase name="verifyRegistration" time="8.494" classname="test.homepage.TC002_VerifyRegistration"/>
  <testcase name="verifyRegistration" time="8.570" classname="test.homepage.TC002_VerifyRegistration"/>
  <testcase name="verifyRegistration" time="7.839" classname="test.homepage.TC002_VerifyRegistration"/>
  <testcase name="verifyRegistration" time="8.061" classname="test.homepage.TC002_VerifyRegistration"/>
  <testcase name="verifyRegistration" time="8.026" classname="test.homepage.TC002_VerifyRegistration"/>
  <testcase name="verifyRegistration" time="7.769" classname="test.homepage.TC002_VerifyRegistration"/>
</testsuite> <!-- test.homepage.TC002_VerifyRegistration -->
