<?xml version="1.0" encoding="UTF-8"?>
<!-- Generated by org.testng.reporters.JUnitReportReporter -->
<testsuite hostname="OSO-DTP-057" name="Module.HRSetup.General.TC029_QuestionMasterAddQuestion" tests="4" failures="0" timestamp="30 Oct 2017 04:42:51 GMT" time="84.698" errors="0">
  <testcase name="Add_Questions" time="28.237" classname="Module.HRSetup.General.TC029_QuestionMasterAddQuestion"/>
  <testcase name="TargetPage" time="31.164" classname="Module.HRSetup.General.TC029_QuestionMasterAddQuestion"/>
  <testcase name="Login" time="1.579" classname="Module.HRSetup.General.TC029_QuestionMasterAddQuestion"/>
  <testcase name="Add_Questions" time="23.718" classname="Module.HRSetup.General.TC029_QuestionMasterAddQuestion"/>
</testsuite> <!-- Module.HRSetup.General.TC029_QuestionMasterAddQuestion -->
