<?xml version="1.0" encoding="UTF-8"?>
<!-- Generated by org.testng.reporters.JUnitReportReporter -->
<testsuite hostname="OSO-DTP-057" name="Module.ESS.LeaveandAttendance.LeaveApplication.TC013_EmployeeAttendanceCalender" tests="3" failures="0" timestamp="20 Nov 2017 07:38:43 GMT" time="45.192" errors="0">
  <testcase name="AttendanceRegularization" time="12.399" classname="Module.ESS.LeaveandAttendance.LeaveApplication.TC013_EmployeeAttendanceCalender"/>
  <testcase name="TargetPage" time="30.942" classname="Module.ESS.LeaveandAttendance.LeaveApplication.TC013_EmployeeAttendanceCalender"/>
  <testcase name="Login" time="1.851" classname="Module.ESS.LeaveandAttendance.LeaveApplication.TC013_EmployeeAttendanceCalender"/>
</testsuite> <!-- Module.ESS.LeaveandAttendance.LeaveApplication.TC013_EmployeeAttendanceCalender -->
