<?xml version="1.0" encoding="UTF-8"?>
<!-- Generated by org.testng.reporters.JUnitReportReporter -->
<testsuite hostname="OSO-DTP-057" name="Module.HRSetup.PMSandTraining.TC045_FocusMasterDataUpload" tests="5" failures="0" timestamp="28 Nov 2017 05:39:20 GMT" time="63.658" errors="0">
  <testcase name="TargetPage" time="34.867" classname="Module.HRSetup.PMSandTraining.TC045_FocusMasterDataUpload"/>
  <testcase name="Add_Focus_Master_Data" time="17.727" classname="Module.HRSetup.PMSandTraining.TC045_FocusMasterDataUpload"/>
  <testcase name="Add_New_Button" time="2.878" classname="Module.HRSetup.PMSandTraining.TC045_FocusMasterDataUpload"/>
  <testcase name="Edit_Record" time="6.764" classname="Module.HRSetup.PMSandTraining.TC045_FocusMasterDataUpload"/>
  <testcase name="Login" time="1.422" classname="Module.HRSetup.PMSandTraining.TC045_FocusMasterDataUpload"/>
</testsuite> <!-- Module.HRSetup.PMSandTraining.TC045_FocusMasterDataUpload -->
