<?xml version="1.0" encoding="UTF-8"?>
<!-- Generated by org.testng.reporters.JUnitReportReporter -->
<testsuite hostname="OSO-DTP-057" name="Module.ELC.Exit.TC033_ResignationSubmition" tests="4" failures="0" timestamp="21 Nov 2017 06:00:41 GMT" time="123.019" errors="0">
  <testcase name="Login" time="1.763" classname="Module.ELC.Exit.TC033_ResignationSubmition"/>
  <testcase name="Search_Functionality" time="9.058" classname="Module.ELC.Exit.TC033_ResignationSubmition"/>
  <testcase name="Resignation_Submission" time="48.318" classname="Module.ELC.Exit.TC033_ResignationSubmition"/>
  <testcase name="TargetPage" time="63.880" classname="Module.ELC.Exit.TC033_ResignationSubmition"/>
</testsuite> <!-- Module.ELC.Exit.TC033_ResignationSubmition -->
