<?xml version="1.0" encoding="UTF-8"?>
<!-- Generated by org.testng.reporters.JUnitReportReporter -->
<testsuite hostname="OSO-DTP-057" name="Module.ELC.Exit.TC038_ExitInterview" tests="4" failures="0" timestamp="21 Nov 2017 07:34:23 GMT" time="100.029" errors="0">
  <testcase name="Exit_Interview" time="23.423" classname="Module.ELC.Exit.TC038_ExitInterview"/>
  <testcase name="TargetPage" time="66.739" classname="Module.ELC.Exit.TC038_ExitInterview"/>
  <testcase name="Search_Functionality" time="8.327" classname="Module.ELC.Exit.TC038_ExitInterview"/>
  <testcase name="Login" time="1.540" classname="Module.ELC.Exit.TC038_ExitInterview"/>
</testsuite> <!-- Module.ELC.Exit.TC038_ExitInterview -->
