<?xml version="1.0" encoding="UTF-8"?>
<!-- Generated by org.testng.reporters.JUnitReportReporter -->
<testsuite hostname="OSO-DTP-057" name="Module.HRSetup.General.TC032_PeriodMasterUpdateData" tests="4" failures="0" timestamp="21 Nov 2017 13:16:06 GMT" time="87.336" errors="0">
  <testcase name="Search_Functionality" time="7.308" classname="Module.HRSetup.General.TC032_PeriodMasterUpdateData"/>
  <testcase name="Login" time="3.787" classname="Module.HRSetup.General.TC032_PeriodMasterUpdateData"/>
  <testcase name="TargetPage" time="64.322" classname="Module.HRSetup.General.TC032_PeriodMasterUpdateData"/>
  <testcase name="Edit_Record" time="11.919" classname="Module.HRSetup.General.TC032_PeriodMasterUpdateData"/>
</testsuite> <!-- Module.HRSetup.General.TC032_PeriodMasterUpdateData -->
