<?xml version="1.0" encoding="UTF-8"?>
<!-- Generated by org.testng.reporters.JUnitReportReporter -->
<testsuite hostname="OSO-DTP-057" name="Module.ESS.LeaveandAttendance.LeaveApplication.TC002_LeaveApproval" tests="5" failures="0" timestamp="17 Nov 2017 14:38:22 GMT" time="101.460" errors="0">
  <testcase name="SearchRecord" time="6.599" classname="Module.ESS.LeaveandAttendance.LeaveApplication.TC002_LeaveApproval"/>
  <testcase name="TargetPage" time="60.424" classname="Module.ESS.LeaveandAttendance.LeaveApplication.TC002_LeaveApproval"/>
  <testcase name="LeaveApproveReject" time="16.078" classname="Module.ESS.LeaveandAttendance.LeaveApplication.TC002_LeaveApproval"/>
  <testcase name="Login" time="1.164" classname="Module.ESS.LeaveandAttendance.LeaveApplication.TC002_LeaveApproval"/>
  <testcase name="LeaveApproveReject" time="17.195" classname="Module.ESS.LeaveandAttendance.LeaveApplication.TC002_LeaveApproval"/>
</testsuite> <!-- Module.ESS.LeaveandAttendance.LeaveApplication.TC002_LeaveApproval -->
