<?xml version="1.0" encoding="UTF-8"?>
<!-- Generated by org.testng.reporters.JUnitReportReporter -->
<testsuite hostname="OSO-DTP-057" name="Module.ESS.LeaveandAttendance.LeaveApplication.TC008_RosterDefinition" tests="6" failures="0" timestamp="20 Nov 2017 06:49:37 GMT" time="160.414" errors="0">
  <testcase name="EditDefinedRoster" time="8.944" classname="Module.ESS.LeaveandAttendance.LeaveApplication.TC008_RosterDefinition"/>
  <testcase name="DefineRoster" time="33.151" classname="Module.ESS.LeaveandAttendance.LeaveApplication.TC008_RosterDefinition"/>
  <testcase name="Login" time="1.412" classname="Module.ESS.LeaveandAttendance.LeaveApplication.TC008_RosterDefinition"/>
  <testcase name="DefineRoster" time="35.768" classname="Module.ESS.LeaveandAttendance.LeaveApplication.TC008_RosterDefinition"/>
  <testcase name="SearchRecord" time="16.007" classname="Module.ESS.LeaveandAttendance.LeaveApplication.TC008_RosterDefinition"/>
  <testcase name="TargetPage" time="65.132" classname="Module.ESS.LeaveandAttendance.LeaveApplication.TC008_RosterDefinition"/>
</testsuite> <!-- Module.ESS.LeaveandAttendance.LeaveApplication.TC008_RosterDefinition -->
