<?xml version="1.0" encoding="UTF-8"?>
<!-- Generated by org.testng.reporters.JUnitReportReporter -->
<testsuite hostname="OSO-DTP-057" name="Module.HRSetup.Recruitment.TC044_ConsultantMasterDataUpload" tests="5" failures="0" timestamp="27 Nov 2017 09:12:08 GMT" time="75.668" errors="0">
  <testcase name="Add_Consultant_Master_Data" time="31.020" classname="Module.HRSetup.Recruitment.TC044_ConsultantMasterDataUpload"/>
  <testcase name="Add_New_Button" time="2.507" classname="Module.HRSetup.Recruitment.TC044_ConsultantMasterDataUpload"/>
  <testcase name="Login" time="1.815" classname="Module.HRSetup.Recruitment.TC044_ConsultantMasterDataUpload"/>
  <testcase name="TargetPage" time="33.785" classname="Module.HRSetup.Recruitment.TC044_ConsultantMasterDataUpload"/>
  <testcase name="Edit_Record" time="6.541" classname="Module.HRSetup.Recruitment.TC044_ConsultantMasterDataUpload"/>
</testsuite> <!-- Module.HRSetup.Recruitment.TC044_ConsultantMasterDataUpload -->
