<?xml version="1.0" encoding="UTF-8"?>
<!-- Generated by org.testng.reporters.JUnitReportReporter -->
<testsuite hostname="OSO-DTP-057" name="Module.ESS.LeaveandAttendance.LeaveApplication.TC001_ApplyLeave" tests="4" failures="0" timestamp="17 Nov 2017 14:38:22 GMT" time="175.750" errors="0">
  <testcase name="ApplyLeave" time="72.052" classname="Module.ESS.LeaveandAttendance.LeaveApplication.TC001_ApplyLeave"/>
  <testcase name="Login" time="1.190" classname="Module.ESS.LeaveandAttendance.LeaveApplication.TC001_ApplyLeave"/>
  <testcase name="ApplyLeave" time="75.458" classname="Module.ESS.LeaveandAttendance.LeaveApplication.TC001_ApplyLeave"/>
  <testcase name="TargetPage" time="27.050" classname="Module.ESS.LeaveandAttendance.LeaveApplication.TC001_ApplyLeave"/>
</testsuite> <!-- Module.ESS.LeaveandAttendance.LeaveApplication.TC001_ApplyLeave -->
