<?xml version="1.0" encoding="UTF-8"?>
<!-- Generated by org.testng.reporters.JUnitReportReporter -->
<testsuite hostname="OSO-DTP-057" name="Module.ELC.Exit.TC035_ResignationApprovarHR" tests="4" failures="0" timestamp="21 Nov 2017 06:00:41 GMT" time="90.836" errors="0">
  <testcase name="Login" time="1.322" classname="Module.ELC.Exit.TC035_ResignationApprovarHR"/>
  <testcase name="Search_Functionality" time="8.593" classname="Module.ELC.Exit.TC035_ResignationApprovarHR"/>
  <testcase name="Resignation_Approvar_HR" time="18.425" classname="Module.ELC.Exit.TC035_ResignationApprovarHR"/>
  <testcase name="TargetPage" time="62.496" classname="Module.ELC.Exit.TC035_ResignationApprovarHR"/>
</testsuite> <!-- Module.ELC.Exit.TC035_ResignationApprovarHR -->
