<?xml version="1.0" encoding="UTF-8"?>
<!-- Generated by org.testng.reporters.JUnitReportReporter -->
<testsuite hostname="OSO-DTP-057" name="Module.ELC.Exit.TC040_LWDChange" tests="4" failures="0" timestamp="14 Nov 2017 09:31:01 GMT" time="160.225" errors="0">
  <testcase name="LWD_Change" time="29.939" classname="Module.ELC.Exit.TC040_LWDChange"/>
  <testcase name="Login" time="1.225" classname="Module.ELC.Exit.TC040_LWDChange"/>
  <testcase name="Search_Functionality" time="12.966" classname="Module.ELC.Exit.TC040_LWDChange"/>
  <testcase name="TargetPage" time="116.095" classname="Module.ELC.Exit.TC040_LWDChange"/>
</testsuite> <!-- Module.ELC.Exit.TC040_LWDChange -->
