<?xml version="1.0" encoding="UTF-8"?>
<!-- Generated by org.testng.reporters.JUnitReportReporter -->
<testsuite hostname="OSO-DTP-057" name="Module.ESS.LeaveandAttendance.LeaveApplication.TC007_OnBehalfLeaveVerify" tests="4" failures="0" timestamp="17 Nov 2017 15:23:04 GMT" time="102.917" errors="0">
  <testcase name="VerifyLeave" time="15.953" classname="Module.ESS.LeaveandAttendance.LeaveApplication.TC007_OnBehalfLeaveVerify"/>
  <testcase name="TargetPage" time="68.841" classname="Module.ESS.LeaveandAttendance.LeaveApplication.TC007_OnBehalfLeaveVerify"/>
  <testcase name="Login" time="1.612" classname="Module.ESS.LeaveandAttendance.LeaveApplication.TC007_OnBehalfLeaveVerify"/>
  <testcase name="VerifyLeave" time="16.511" classname="Module.ESS.LeaveandAttendance.LeaveApplication.TC007_OnBehalfLeaveVerify"/>
</testsuite> <!-- Module.ESS.LeaveandAttendance.LeaveApplication.TC007_OnBehalfLeaveVerify -->
