<?xml version="1.0" encoding="UTF-8"?>
<!-- Generated by org.testng.reporters.JUnitReportReporter -->
<testsuite hostname="OSO-DTP-057" name="Module.ESS.LeaveandAttendance.LeaveApplication.TC018_BiometricAttendanceUploadStatusVerify" tests="3" failures="1" timestamp="20 Nov 2017 07:58:28 GMT" time="48.849" errors="0">
  <testcase name="Login" time="1.222" classname="Module.ESS.LeaveandAttendance.LeaveApplication.TC018_BiometricAttendanceUploadStatusVerify"/>
  <testcase name="ConfigurationScheduler" time="4.821" classname="Module.ESS.LeaveandAttendance.LeaveApplication.TC018_BiometricAttendanceUploadStatusVerify">
    <failure type="java.lang.AssertionError" message=" Attendance not showing ">
      <![CDATA[java.lang.AssertionError:  Attendance not showing 
	at org.testng.Assert.fail(Assert.java:94)
	at Module.ESS.LeaveandAttendance.LeaveApplication.TC018_BiometricAttendanceUploadStatusVerify.ConfigurationScheduler(TC018_BiometricAttendanceUploadStatusVerify.java:83)
	at sun.reflect.NativeMethodAccessorImpl.invoke0(Native Method)
	at sun.reflect.NativeMethodAccessorImpl.invoke(Unknown Source)
	at sun.reflect.DelegatingMethodAccessorImpl.invoke(Unknown Source)
	at java.lang.reflect.Method.invoke(Unknown Source)
	at org.testng.internal.MethodInvocationHelper.invokeMethod(MethodInvocationHelper.java:85)
	at org.testng.internal.Invoker.invokeMethod(Invoker.java:639)
	at org.testng.internal.Invoker.invokeTestMethod(Invoker.java:821)
	at org.testng.internal.Invoker.invokeTestMethods(Invoker.java:1131)
	at org.testng.internal.TestMethodWorker.invokeTestMethods(TestMethodWorker.java:124)
	at org.testng.internal.TestMethodWorker.run(TestMethodWorker.java:108)
	at org.testng.TestRunner.privateRun(TestRunner.java:773)
	at org.testng.TestRunner.run(TestRunner.java:623)
	at org.testng.SuiteRunner.runTest(SuiteRunner.java:357)
	at org.testng.SuiteRunner.runSequentially(SuiteRunner.java:352)
	at org.testng.SuiteRunner.privateRun(SuiteRunner.java:310)
	at org.testng.SuiteRunner.run(SuiteRunner.java:259)
	at org.testng.SuiteRunnerWorker.runSuite(SuiteRunnerWorker.java:52)
	at org.testng.SuiteRunnerWorker.run(SuiteRunnerWorker.java:86)
	at org.testng.TestNG.runSuitesSequentially(TestNG.java:1185)
	at org.testng.TestNG.runSuitesLocally(TestNG.java:1110)
	at org.testng.TestNG.run(TestNG.java:1018)
	at org.testng.remote.AbstractRemoteTestNG.run(AbstractRemoteTestNG.java:132)
	at org.testng.remote.RemoteTestNG.initAndRun(RemoteTestNG.java:230)
	at org.testng.remote.RemoteTestNG.main(RemoteTestNG.java:76)
]]>
    </failure>
  </testcase> <!-- ConfigurationScheduler -->
  <testcase name="TargetPage" time="42.806" classname="Module.ESS.LeaveandAttendance.LeaveApplication.TC018_BiometricAttendanceUploadStatusVerify"/>
</testsuite> <!-- Module.ESS.LeaveandAttendance.LeaveApplication.TC018_BiometricAttendanceUploadStatusVerify -->
