<?xml version="1.0" encoding="UTF-8"?>
<!-- Generated by org.testng.reporters.JUnitReportReporter -->
<testsuite hostname="OSO-DTP-057" name="Module.ELC.Induction.TC021_InductionSchedule" tests="3" failures="0" timestamp="21 Nov 2017 13:16:06 GMT" time="82.564" errors="0">
  <testcase name="Login" time="1.380" classname="Module.ELC.Induction.TC021_InductionSchedule"/>
  <testcase name="InductionSchedule" time="27.379" classname="Module.ELC.Induction.TC021_InductionSchedule"/>
  <testcase name="TargetPage" time="53.805" classname="Module.ELC.Induction.TC021_InductionSchedule"/>
</testsuite> <!-- Module.ELC.Induction.TC021_InductionSchedule -->
