<?xml version="1.0" encoding="UTF-8"?>
<!-- Generated by org.testng.reporters.JUnitReportReporter -->
<testsuite hostname="OSO-DTP-057" name="Module.ESS.LeaveandAttendance.LeaveApplication.TC005_OnBehalfLeaveApply" tests="4" failures="0" timestamp="17 Nov 2017 15:23:04 GMT" time="242.917" errors="0">
  <testcase name="TargetPage" time="60.429" classname="Module.ESS.LeaveandAttendance.LeaveApplication.TC005_OnBehalfLeaveApply"/>
  <testcase name="OnBehalfLeaveApply" time="90.913" classname="Module.ESS.LeaveandAttendance.LeaveApplication.TC005_OnBehalfLeaveApply"/>
  <testcase name="Login" time="1.332" classname="Module.ESS.LeaveandAttendance.LeaveApplication.TC005_OnBehalfLeaveApply"/>
  <testcase name="OnBehalfLeaveApply" time="90.243" classname="Module.ESS.LeaveandAttendance.LeaveApplication.TC005_OnBehalfLeaveApply"/>
</testsuite> <!-- Module.ESS.LeaveandAttendance.LeaveApplication.TC005_OnBehalfLeaveApply -->
