<?xml version="1.0" encoding="UTF-8"?>
<!-- Generated by org.testng.reporters.JUnitReportReporter -->
<testsuite hostname="OSO-DTP-057" name="Module.ELC.Induction.TC022_InductionMapping" tests="4" failures="0" timestamp="21 Nov 2017 13:16:06 GMT" time="97.973" errors="0">
  <testcase name="SearchFunctionality" time="6.844" classname="Module.ELC.Induction.TC022_InductionMapping"/>
  <testcase name="InductionSchedule" time="31.582" classname="Module.ELC.Induction.TC022_InductionMapping"/>
  <testcase name="TargetPage" time="58.225" classname="Module.ELC.Induction.TC022_InductionMapping"/>
  <testcase name="Login" time="1.322" classname="Module.ELC.Induction.TC022_InductionMapping"/>
</testsuite> <!-- Module.ELC.Induction.TC022_InductionMapping -->
