<?xml version="1.0" encoding="UTF-8"?>
<!-- Generated by org.testng.reporters.JUnitReportReporter -->
<testsuite hostname="OSO-DTP-057" name="Module.ELC.Exit.TC036_ResignationStatusVerify" tests="3" failures="0" timestamp="21 Nov 2017 06:00:42 GMT" time="77.774" errors="0">
  <testcase name="Resignation_FinalStatus_Verification" time="9.929" classname="Module.ELC.Exit.TC036_ResignationStatusVerify"/>
  <testcase name="TargetPage" time="66.425" classname="Module.ELC.Exit.TC036_ResignationStatusVerify"/>
  <testcase name="Login" time="1.420" classname="Module.ELC.Exit.TC036_ResignationStatusVerify"/>
</testsuite> <!-- Module.ELC.Exit.TC036_ResignationStatusVerify -->
