<?xml version="1.0" encoding="UTF-8"?>
<!-- Generated by org.testng.reporters.JUnitReportReporter -->
<testsuite hostname="OSO-DTP-057" name="Module.ESS.LeaveandAttendance.LeaveApplication.TC019_LeaveApprovalPlannerViewer" tests="3" failures="0" timestamp="17 Nov 2017 14:38:22 GMT" time="92.470" errors="0">
  <testcase name="TargetPage" time="60.765" classname="Module.ESS.LeaveandAttendance.LeaveApplication.TC019_LeaveApprovalPlannerViewer"/>
  <testcase name="Login" time="1.586" classname="Module.ESS.LeaveandAttendance.LeaveApplication.TC019_LeaveApprovalPlannerViewer"/>
  <testcase name="LeavePlannerViewer" time="30.119" classname="Module.ESS.LeaveandAttendance.LeaveApplication.TC019_LeaveApprovalPlannerViewer"/>
</testsuite> <!-- Module.ESS.LeaveandAttendance.LeaveApplication.TC019_LeaveApprovalPlannerViewer -->
