<?xml version="1.0" encoding="UTF-8"?>
<!-- Generated by org.testng.reporters.JUnitReportReporter -->
<testsuite hostname="OSO-DTP-057" name="Module.ELC.Exit.TC039_ExitInterviewEndorsement" tests="4" failures="0" timestamp="21 Nov 2017 07:34:23 GMT" time="87.002" errors="0">
  <testcase name="Search_Functionality" time="6.077" classname="Module.ELC.Exit.TC039_ExitInterviewEndorsement"/>
  <testcase name="Exit_Interview_Endorsement" time="17.233" classname="Module.ELC.Exit.TC039_ExitInterviewEndorsement"/>
  <testcase name="TargetPage" time="62.481" classname="Module.ELC.Exit.TC039_ExitInterviewEndorsement"/>
  <testcase name="Login" time="1.211" classname="Module.ELC.Exit.TC039_ExitInterviewEndorsement"/>
</testsuite> <!-- Module.ELC.Exit.TC039_ExitInterviewEndorsement -->
