<?xml version="1.0" encoding="UTF-8"?>
<!-- Generated by org.testng.reporters.JUnitReportReporter -->
<testsuite hostname="OSO-DTP-057" name="Module.ELC.Probation.TC024_ProbationRequest" tests="3" failures="0" timestamp="30 Oct 2017 08:15:11 GMT" time="267.862" errors="0">
  <testcase name="ProbationRequest" time="110.248" classname="Module.ELC.Probation.TC024_ProbationRequest"/>
  <testcase name="TargetPage" time="155.921" classname="Module.ELC.Probation.TC024_ProbationRequest"/>
  <testcase name="Login" time="1.693" classname="Module.ELC.Probation.TC024_ProbationRequest"/>
</testsuite> <!-- Module.ELC.Probation.TC024_ProbationRequest -->
