<?xml version="1.0" encoding="UTF-8"?>
<!-- Generated by org.testng.reporters.JUnitReportReporter -->
<testsuite hostname="OSO-DTP-057" name="Module.ELC.Probation.TC028_ProbationRequestVerifyStatus" tests="3" failures="0" timestamp="30 Oct 2017 08:15:11 GMT" time="163.564" errors="0">
  <testcase name="TargetPage" time="147.496" classname="Module.ELC.Probation.TC028_ProbationRequestVerifyStatus"/>
  <testcase name="ProbationRequest" time="14.224" classname="Module.ELC.Probation.TC028_ProbationRequestVerifyStatus"/>
  <testcase name="Login" time="1.844" classname="Module.ELC.Probation.TC028_ProbationRequestVerifyStatus"/>
</testsuite> <!-- Module.ELC.Probation.TC028_ProbationRequestVerifyStatus -->
