<?xml version="1.0" encoding="UTF-8"?>
<!-- Generated by org.testng.reporters.JUnitReportReporter -->
<testsuite hostname="OSO-DTP-057" name="Module.HRSetup.General.TC031_BasicSalaryRangeAddData" tests="7" failures="0" timestamp="21 Nov 2017 13:16:06 GMT" time="80.850" errors="0">
  <testcase name="Add_New_Button" time="2.731" classname="Module.HRSetup.General.TC031_BasicSalaryRangeAddData"/>
  <testcase name="Add_Basic_Salary_Range" time="11.361" classname="Module.HRSetup.General.TC031_BasicSalaryRangeAddData"/>
  <testcase name="Edit_Record" time="7.021" classname="Module.HRSetup.General.TC031_BasicSalaryRangeAddData"/>
  <testcase name="Edit_Record" time="7.017" classname="Module.HRSetup.General.TC031_BasicSalaryRangeAddData"/>
  <testcase name="Login" time="1.354" classname="Module.HRSetup.General.TC031_BasicSalaryRangeAddData"/>
  <testcase name="TargetPage" time="41.469" classname="Module.HRSetup.General.TC031_BasicSalaryRangeAddData"/>
  <testcase name="Add_Basic_Salary_Range" time="9.897" classname="Module.HRSetup.General.TC031_BasicSalaryRangeAddData"/>
</testsuite> <!-- Module.HRSetup.General.TC031_BasicSalaryRangeAddData -->
