<?xml version="1.0" encoding="UTF-8"?>
<!-- Generated by org.testng.reporters.JUnitReportReporter -->
<testsuite hostname="OSO-DTP-057" name="Module.HRSetup.General.TC029_QuestionMasterAddQuestion" tests="4" failures="0" timestamp="21 Nov 2017 13:16:06 GMT" time="69.283" errors="0">
  <testcase name="Add_Questions" time="24.775" classname="Module.HRSetup.General.TC029_QuestionMasterAddQuestion"/>
  <testcase name="TargetPage" time="13.956" classname="Module.HRSetup.General.TC029_QuestionMasterAddQuestion"/>
  <testcase name="Login" time="1.050" classname="Module.HRSetup.General.TC029_QuestionMasterAddQuestion"/>
  <testcase name="Add_Questions" time="29.502" classname="Module.HRSetup.General.TC029_QuestionMasterAddQuestion"/>
</testsuite> <!-- Module.HRSetup.General.TC029_QuestionMasterAddQuestion -->
