<?xml version="1.0" encoding="UTF-8"?>
<!-- Generated by org.testng.reporters.JUnitReportReporter -->
<testsuite hostname="OSO-DTP-057" name="Module.ESS.LeaveandAttendance.LeaveApplication.TC009_RosterDefinitionUploadFile" tests="3" failures="0" timestamp="20 Nov 2017 06:49:37 GMT" time="100.503" errors="0">
  <testcase name="DefineRosterUploadFile" time="19.379" classname="Module.ESS.LeaveandAttendance.LeaveApplication.TC009_RosterDefinitionUploadFile"/>
  <testcase name="Login" time="1.902" classname="Module.ESS.LeaveandAttendance.LeaveApplication.TC009_RosterDefinitionUploadFile"/>
  <testcase name="TargetPage" time="79.222" classname="Module.ESS.LeaveandAttendance.LeaveApplication.TC009_RosterDefinitionUploadFile"/>
</testsuite> <!-- Module.ESS.LeaveandAttendance.LeaveApplication.TC009_RosterDefinitionUploadFile -->
