<?xml version="1.0" encoding="UTF-8"?>
<!-- Generated by org.testng.reporters.JUnitReportReporter -->
<testsuite hostname="OSO-DTP-057" name="Module.HRSetup.General.TC031_BasicSalaryRangeAddData" tests="7" failures="0" timestamp="2 Nov 2017 12:48:18 GMT" time="206.603" errors="0">
  <testcase name="Add_Basic_Salary_Range" time="11.887" classname="Module.HRSetup.General.TC031_BasicSalaryRangeAddData"/>
  <testcase name="Add_Basic_Salary_Range" time="16.966" classname="Module.HRSetup.General.TC031_BasicSalaryRangeAddData"/>
  <testcase name="Add_New_Button" time="2.829" classname="Module.HRSetup.General.TC031_BasicSalaryRangeAddData"/>
  <testcase name="Edit_Record" time="7.836" classname="Module.HRSetup.General.TC031_BasicSalaryRangeAddData"/>
  <testcase name="Login" time="1.166" classname="Module.HRSetup.General.TC031_BasicSalaryRangeAddData"/>
  <testcase name="TargetPage" time="158.671" classname="Module.HRSetup.General.TC031_BasicSalaryRangeAddData"/>
  <testcase name="Edit_Record" time="7.248" classname="Module.HRSetup.General.TC031_BasicSalaryRangeAddData"/>
</testsuite> <!-- Module.HRSetup.General.TC031_BasicSalaryRangeAddData -->
