<?xml version="1.0" encoding="UTF-8"?>
<!-- Generated by org.testng.reporters.JUnitReportReporter -->
<testsuite hostname="OSO-DTP-057" name="ESS.LeaveandAttendance.LeaveApplication.TC001_SearchFunctionality" tests="4" failures="0" timestamp="22 Aug 2017 08:19:10 GMT" time="63.623" errors="0">
  <testcase name="ApplyLeave" time="20.364" classname="ESS.LeaveandAttendance.LeaveApplication.TC001_SearchFunctionality"/>
  <testcase name="TargetPage" time="6.146" classname="ESS.LeaveandAttendance.LeaveApplication.TC001_SearchFunctionality"/>
  <testcase name="ApplyLeave" time="30.952" classname="ESS.LeaveandAttendance.LeaveApplication.TC001_SearchFunctionality"/>
  <testcase name="Login" time="6.161" classname="ESS.LeaveandAttendance.LeaveApplication.TC001_SearchFunctionality"/>
</testsuite> <!-- ESS.LeaveandAttendance.LeaveApplication.TC001_SearchFunctionality -->
