<?xml version="1.0" encoding="UTF-8"?>
<!-- Generated by org.testng.reporters.JUnitReportReporter -->
<testsuite hostname="OSO-DTP-057" name="Module.ESS.LeaveandAttendance.LeaveApplication.TC004_LeaveRevoke" tests="3" failures="0" timestamp="17 Nov 2017 14:38:22 GMT" time="31.763" errors="0">
  <testcase name="VerifyLeave" time="7.378" classname="Module.ESS.LeaveandAttendance.LeaveApplication.TC004_LeaveRevoke"/>
  <testcase name="Login" time="1.285" classname="Module.ESS.LeaveandAttendance.LeaveApplication.TC004_LeaveRevoke"/>
  <testcase name="TargetPage" time="23.100" classname="Module.ESS.LeaveandAttendance.LeaveApplication.TC004_LeaveRevoke"/>
</testsuite> <!-- Module.ESS.LeaveandAttendance.LeaveApplication.TC004_LeaveRevoke -->
